<?xml version="1.0" encoding="UTF-8"?>
<!-- Generated by org.testng.reporters.JUnitReportReporter -->
<testsuite hostname="DESKTOP-30K6CA2" failures="0" tests="1" name="com.bz.bookswagon.qa.testcases.HomePageTest" time="71.530" errors="0" timestamp="2022-09-23T08:00:33 IST" skipped="0">
  <testcase classname="com.bz.bookswagon.qa.testcases.HomePageTest" name="logout_Test" time="71.530"/>
  <system-out/>
</testsuite> <!-- com.bz.bookswagon.qa.testcases.HomePageTest -->
