<?xml version="1.0" encoding="UTF-8"?>
<!-- Generated by org.testng.reporters.JUnitReportReporter -->
<testsuite hostname="DESKTOP-30K6CA2" failures="0" tests="1" name="com.bz.bookswagon.qa.testcases.HomePageTest" time="47.893" errors="0" timestamp="2022-09-17T08:07:33 IST" skipped="0">
  <testcase classname="com.bz.bookswagon.qa.testcases.HomePageTest" name="searchBoxTest" time="47.893"/>
  <system-out/>
</testsuite> <!-- com.bz.bookswagon.qa.testcases.HomePageTest -->
