<?xml version="1.0" encoding="UTF-8"?>
<!-- Generated by org.testng.reporters.JUnitReportReporter -->
<testsuite hostname="DESKTOP-30K6CA2" failures="0" tests="3" name="com.bz.bookswagon.qa.testcases.HomePageTest" time="133.739" errors="0" timestamp="2022-09-19T23:15:48 IST" skipped="0">
  <testcase classname="com.bz.bookswagon.qa.testcases.HomePageTest" name="homePage_Heading_Test" time="34.933"/>
  <system-out/>
  <testcase classname="com.bz.bookswagon.qa.testcases.HomePageTest" name="homePage_UrlTest" time="38.438"/>
  <system-out/>
  <testcase classname="com.bz.bookswagon.qa.testcases.HomePageTest" name="searchBoxTest" time="60.368"/>
  <system-out/>
</testsuite> <!-- com.bz.bookswagon.qa.testcases.HomePageTest -->
